{
  "RSpec": {
    "coverage": {
      "/Users/kajapolkowska/Desktop/Makers_Course/Bank-Tech-2/spec/bank_spec.rb": [
        1,
        null,
        1,
        8,
        null,
        null,
        1,
        null,
        null,
        null,
        1,
        1,
        null,
        null,
        1,
        1,
        null,
        null,
        1,
        1,
        null,
        null,
        1,
        2,
        null,
        null,
        1,
        1,
        null,
        null,
        1,
        1,
        1,
        null,
        null,
        1,
        1,
        null,
        null,
        null,
        null,
        null
      ],
      "/Users/kajapolkowska/Desktop/Makers_Course/Bank-Tech-2/lib/bank.rb": [
        null,
        1,
        1,
        null,
        1,
        7,
        7,
        null,
        null,
        1,
        2,
        null,
        null,
        1,
        2,
        1,
        null,
        null,
        null
      ],
      "/Users/kajapolkowska/Desktop/Makers_Course/Bank-Tech-2/spec/transaction_history_spec.rb": [
        1,
        null,
        1,
        null,
        2,
        1,
        1,
        1,
        1,
        null,
        null,
        null
      ],
      "/Users/kajapolkowska/Desktop/Makers_Course/Bank-Tech-2/lib/transaction_history.rb": [
        null,
        1,
        null,
        1,
        null,
        1,
        1,
        null,
        null,
        null
      ],
      "/Users/kajapolkowska/Desktop/Makers_Course/Bank-Tech-2/spec/transaction_spec.rb": [
        1,
        null,
        1,
        null,
        3,
        null,
        1,
        1,
        1,
        null,
        null,
        1,
        1,
        null,
        null,
        null,
        null
      ],
      "/Users/kajapolkowska/Desktop/Makers_Course/Bank-Tech-2/lib/transaction.rb": [
        null,
        1,
        null,
        1,
        null,
        1,
        2,
        null,
        null,
        1,
        null,
        null,
        null,
        null,
        null
      ]
    },
    "timestamp": 1567069183
  }
}
